Using pre-set license
Built from '2020.2/release' branch; Version is '2020.2.2f1 (068178b99f32) revision 426360'; Using compiler version '192528614'; Build Type 'Release'
OS: 'Windows 10 Pro; OS build 19041.264; Version 2004; 64bit' Language: 'en' Physical Memory: 16319 MB
BatchMode: 1, IsHumanControllingUs: 0, StartBugReporterOnCrash: 0, Is64bit: 1, IsPro: 0

 COMMAND LINE ARGUMENTS:
D:\Unity Editor\2020.2.2f1\Editor\Unity.exe
-adb2
-batchMode
-noUpm
-name
AssetImportWorker0
-projectPath
D:/unity/Bargaining Simulator
-logFile
Logs/AssetImportWorker0.log
-srvPort
11311
Successfully changed project path to: D:/unity/Bargaining Simulator
D:/unity/Bargaining Simulator
Using Asset Import Pipeline V2.
Refreshing native plugins compatible for Editor in 21.97 ms, found 0 plugins.
Preloading 0 native plugins for Editor in 0.00 ms.
Initialize engine version: 2020.2.2f1 (068178b99f32)
[Subsystems] Discovering subsystems at path D:/Unity Editor/2020.2.2f1/Editor/Data/Resources/UnitySubsystems
[Subsystems] Discovering subsystems at path D:/unity/Bargaining Simulator/Assets
GfxDevice: creating device client; threaded=0
Direct3D:
    Version:  Direct3D 11.0 [level 11.1]
    Renderer: NVIDIA GeForce GTX 1650 (ID=0x1f82)
    Vendor:   
    VRAM:     3962 MB
    Driver:   27.21.14.5206
Initialize mono
Mono path[0] = 'D:/Unity Editor/2020.2.2f1/Editor/Data/Managed'
Mono path[1] = 'D:/Unity Editor/2020.2.2f1/Editor/Data/MonoBleedingEdge/lib/mono/unityjit'
Mono config path = 'D:/Unity Editor/2020.2.2f1/Editor/Data/MonoBleedingEdge/etc'
Using monoOptions --debugger-agent=transport=dt_socket,embedding=1,server=y,suspend=n,address=127.0.0.1:56168
Begin MonoManager ReloadAssembly
Registering precompiled unity dll's ...
Register platform support module: D:/Unity Editor/2020.2.2f1/Editor/Data/PlaybackEngines/WebGLSupport/UnityEditor.WebGL.Extensions.dll
Register platform support module: D:/Unity Editor/2020.2.2f1/Editor/Data/PlaybackEngines/WindowsStandaloneSupport/UnityEditor.WindowsStandalone.Extensions.dll
Registered in 0.001336 seconds.
Native extension for WindowsStandalone target not found
Native extension for WebGL target not found
Refreshing native plugins compatible for Editor in 20.90 ms, found 0 plugins.
Preloading 0 native plugins for Editor in 0.00 ms.
Invoked RoslynAnalysisRunner static constructor.
RoslynAnalysisRunner will not be running.
RoslynAnalysisRunner has terminated.
Mono: successfully reloaded assembly
- Completed reload, in  1.464 seconds
Platform modules already initialized, skipping
Registering precompiled user dll's ...
Registered in 0.001534 seconds.
Begin MonoManager ReloadAssembly
Native extension for WindowsStandalone target not found
Native extension for WebGL target not found
Refreshing native plugins compatible for Editor in 0.19 ms, found 0 plugins.
Preloading 0 native plugins for Editor in 0.00 ms.
Invoked RoslynAnalysisRunner static constructor.
RoslynAnalysisRunner will not be running.
RoslynAnalysisRunner has terminated.
Mono: successfully reloaded assembly
- Completed reload, in  0.726 seconds
Platform modules already initialized, skipping
========================================================================
Worker process is ready to serve import requests
Launched and connected shader compiler UnityShaderCompiler.exe after 0.04 seconds
Refreshing native plugins compatible for Editor in 0.30 ms, found 0 plugins.
Preloading 0 native plugins for Editor in 0.00 ms.
Unloading 1099 Unused Serialized files (Serialized files now loaded: 0)
System memory in use before: 56.4 MB.
System memory in use after: 56.5 MB.

Unloading 10 unused Assets to reduce memory usage. Loaded Objects now: 1540.
Total: 1.879400 ms (FindLiveObjects: 0.110800 ms CreateObjectMapping: 0.030400 ms MarkObjects: 1.661100 ms  DeleteObjects: 0.076300 ms)

========================================================================
Received Import Request.
  path: Assets/New Folder
  artifactKey: Guid(a1b4779dbd24f2a48a399274f9404f1a) Importer(815301076,1909f56bfc062723c751e8b465ee728b)
Start importing Assets/New Folder using Guid(a1b4779dbd24f2a48a399274f9404f1a) Importer(815301076,1909f56bfc062723c751e8b465ee728b)  -> (artifact id: '486a8f7dfedb3e987adfee034017dfa4') in 0.004982 seconds
  Import took 0.007983 seconds .

========================================================================
Received Import Request.
  Time since last request: 0.000591 seconds.
  path: Assets/Scenes
  artifactKey: Guid(d3a72e3772febfa4c9d1afee557c267c) Importer(815301076,1909f56bfc062723c751e8b465ee728b)
Start importing Assets/Scenes using Guid(d3a72e3772febfa4c9d1afee557c267c) Importer(815301076,1909f56bfc062723c751e8b465ee728b)  -> (artifact id: 'f7e6ad9e1d0036ce6cc342ef08d820a5') in 0.001312 seconds
  Import took 0.003117 seconds .

========================================================================
Received Import Request.
  Time since last request: 2.529645 seconds.
  path: Assets/Materials
  artifactKey: Guid(a1b4779dbd24f2a48a399274f9404f1a) Importer(815301076,1909f56bfc062723c751e8b465ee728b)
Start importing Assets/Materials using Guid(a1b4779dbd24f2a48a399274f9404f1a) Importer(815301076,1909f56bfc062723c751e8b465ee728b)  -> (artifact id: '4268a7d37b8bf1c160719492b339038e') in 0.001299 seconds
  Import took 0.003589 seconds .

========================================================================
Received Import Request.
  Time since last request: 38.576687 seconds.
  path: Assets/Scripts
  artifactKey: Guid(beb789f22146c6540b9448681cd284e3) Importer(815301076,1909f56bfc062723c751e8b465ee728b)
Start importing Assets/Scripts using Guid(beb789f22146c6540b9448681cd284e3) Importer(815301076,1909f56bfc062723c751e8b465ee728b)  -> (artifact id: 'f224d56f425eb695cb621aefa18e3e70') in 0.001349 seconds
  Import took 0.003137 seconds .

========================================================================
Received Import Request.
  Time since last request: 0.000371 seconds.
  path: Assets/Scripts
  artifactKey: Guid(beb789f22146c6540b9448681cd284e3) Importer(815301076,1909f56bfc062723c751e8b465ee728b)
Start importing Assets/Scripts using Guid(beb789f22146c6540b9448681cd284e3) Importer(815301076,1909f56bfc062723c751e8b465ee728b)  -> (artifact id: 'f224d56f425eb695cb621aefa18e3e70') in 0.001915 seconds
  Import took 0.003544 seconds .

========================================================================
Received Import Request.
  Time since last request: 5.745953 seconds.
  path: Assets/Sprites
  artifactKey: Guid(0db6443726380f6488255fc9a024758b) Importer(815301076,1909f56bfc062723c751e8b465ee728b)
Start importing Assets/Sprites using Guid(0db6443726380f6488255fc9a024758b) Importer(815301076,1909f56bfc062723c751e8b465ee728b)  -> (artifact id: 'e43dce1e86098d8486868e08e41f0793') in 0.001491 seconds
  Import took 0.004403 seconds .

========================================================================
Received Import Request.
  Time since last request: 6.467389 seconds.
  path: Assets/Models
  artifactKey: Guid(a1696aaed88bb8a41ac599f01efff103) Importer(815301076,1909f56bfc062723c751e8b465ee728b)
Start importing Assets/Models using Guid(a1696aaed88bb8a41ac599f01efff103) Importer(815301076,1909f56bfc062723c751e8b465ee728b)  -> (artifact id: '0b5f2e1e5ae574482d9860069425c175') in 0.001273 seconds
  Import took 0.003883 seconds .

========================================================================
Received Import Request.
  Time since last request: 14.848272 seconds.
  path: Assets/Animation
  artifactKey: Guid(99f84e4b308ec9a469e207eb8f699b49) Importer(815301076,1909f56bfc062723c751e8b465ee728b)
Start importing Assets/Animation using Guid(99f84e4b308ec9a469e207eb8f699b49) Importer(815301076,1909f56bfc062723c751e8b465ee728b)  -> (artifact id: 'fc7d1c0442a7a9004b1f190cde7bd3e3') in 0.001314 seconds
  Import took 0.003816 seconds .

========================================================================
Received Import Request.
  Time since last request: 0.000392 seconds.
  path: Assets/Animation
  artifactKey: Guid(99f84e4b308ec9a469e207eb8f699b49) Importer(815301076,1909f56bfc062723c751e8b465ee728b)
Start importing Assets/Animation using Guid(99f84e4b308ec9a469e207eb8f699b49) Importer(815301076,1909f56bfc062723c751e8b465ee728b)  -> (artifact id: 'fc7d1c0442a7a9004b1f190cde7bd3e3') in 0.001258 seconds
  Import took 0.003261 seconds .

========================================================================
Received Import Request.
  Time since last request: 4.511273 seconds.
  path: Assets/Audio
  artifactKey: Guid(fe282083da5d2c443aa1a7f24edfc9aa) Importer(815301076,1909f56bfc062723c751e8b465ee728b)
Start importing Assets/Audio using Guid(fe282083da5d2c443aa1a7f24edfc9aa) Importer(815301076,1909f56bfc062723c751e8b465ee728b)  -> (artifact id: '384b383fcf1458ff628e569f9a91336d') in 0.001360 seconds
  Import took 0.003509 seconds .

========================================================================
Received Import Request.
  Time since last request: 0.000450 seconds.
  path: Assets/Audio
  artifactKey: Guid(fe282083da5d2c443aa1a7f24edfc9aa) Importer(815301076,1909f56bfc062723c751e8b465ee728b)
Start importing Assets/Audio using Guid(fe282083da5d2c443aa1a7f24edfc9aa) Importer(815301076,1909f56bfc062723c751e8b465ee728b)  -> (artifact id: '384b383fcf1458ff628e569f9a91336d') in 0.001275 seconds
  Import took 0.003045 seconds .

AssetImportWorkerClient::OnTransportError - code=2 error=End of file
